<?xml version="1.0" encoding="UTF-8"?>
<coverage generated="1649100371071" clover="3.2.0">
  <project timestamp="1649100371071" name="All files">
    <metrics statements="31" coveredstatements="12" conditionals="42" coveredconditionals="2" methods="11" coveredmethods="3" elements="84" coveredelements="17" complexity="0" loc="31" ncloc="31" packages="2" files="4" classes="4"/>
    <package name="components">
      <metrics statements="30" coveredstatements="11" conditionals="42" coveredconditionals="2" methods="11" coveredmethods="3"/>
      <file name="Buttons.js" path="C:\Users\Brandon\Documents\ultimate-hitboxes\frontend\src\components\Buttons.js">
        <metrics statements="19" coveredstatements="3" conditionals="38" coveredconditionals="0" methods="8" coveredmethods="1"/>
        <line num="16" count="0" type="stmt"/>
        <line num="17" count="0" type="stmt"/>
        <line num="18" count="0" type="cond" truecount="0" falsecount="2"/>
        <line num="19" count="0" type="cond" truecount="0" falsecount="2"/>
        <line num="20" count="0" type="stmt"/>
        <line num="21" count="0" type="stmt"/>
        <line num="24" count="0" type="stmt"/>
        <line num="27" count="0" type="stmt"/>
        <line num="38" count="1" type="stmt"/>
        <line num="40" count="1" type="stmt"/>
        <line num="43" count="0" type="stmt"/>
        <line num="44" count="0" type="stmt"/>
        <line num="46" count="0" type="stmt"/>
        <line num="55" count="0" type="stmt"/>
        <line num="70" count="0" type="cond" truecount="0" falsecount="4"/>
        <line num="85" count="0" type="stmt"/>
        <line num="99" count="0" type="cond" truecount="0" falsecount="4"/>
        <line num="114" count="0" type="stmt"/>
        <line num="127" count="1" type="stmt"/>
      </file>
      <file name="Slider.js" path="C:\Users\Brandon\Documents\ultimate-hitboxes\frontend\src\components\Slider.js">
        <metrics statements="8" coveredstatements="8" conditionals="2" coveredconditionals="2" methods="2" coveredmethods="2"/>
        <line num="7" count="4" type="cond" truecount="2" falsecount="0"/>
        <line num="8" count="1" type="stmt"/>
        <line num="12" count="3" type="stmt"/>
        <line num="15" count="3" type="stmt"/>
        <line num="16" count="3" type="stmt"/>
        <line num="17" count="31" type="stmt"/>
        <line num="20" count="3" type="stmt"/>
        <line num="31" count="1" type="stmt"/>
      </file>
      <file name="ToolTip.js" path="C:\Users\Brandon\Documents\ultimate-hitboxes\frontend\src\components\ToolTip.js">
        <metrics statements="3" coveredstatements="0" conditionals="2" coveredconditionals="0" methods="1" coveredmethods="0"/>
        <line num="5" count="0" type="cond" truecount="0" falsecount="2"/>
        <line num="6" count="0" type="stmt"/>
        <line num="13" count="0" type="stmt"/>
      </file>
    </package>
    <package name="media">
      <metrics statements="1" coveredstatements="1" conditionals="0" coveredconditionals="0" methods="0" coveredmethods="0"/>
      <file name="media_imports.js" path="C:\Users\Brandon\Documents\ultimate-hitboxes\frontend\src\media\media_imports.js">
        <metrics statements="1" coveredstatements="1" conditionals="0" coveredconditionals="0" methods="0" coveredmethods="0"/>
        <line num="1" count="1" type="stmt"/>
      </file>
    </package>
  </project>
</coverage>
