<?xml version="1.0" encoding="UTF-8"?>
<coverage generated="1649260553125" clover="3.2.0">
  <project timestamp="1649260553125" name="All files">
    <metrics statements="34" coveredstatements="26" conditionals="42" coveredconditionals="24" methods="13" coveredmethods="7" elements="89" coveredelements="57" complexity="0" loc="34" ncloc="34" packages="2" files="5" classes="5"/>
    <package name="components">
      <metrics statements="33" coveredstatements="25" conditionals="42" coveredconditionals="24" methods="13" coveredmethods="7"/>
      <file name="Buttons.js" path="C:\Users\Brandon\Documents\ultimate-hitboxes\frontend\src\components\Buttons.js">
        <metrics statements="19" coveredstatements="12" conditionals="38" coveredconditionals="20" methods="8" coveredmethods="3"/>
        <line num="16" count="4" type="stmt"/>
        <line num="17" count="4" type="stmt"/>
        <line num="18" count="4" type="cond" truecount="2" falsecount="0"/>
        <line num="19" count="2" type="cond" truecount="1" falsecount="1"/>
        <line num="20" count="2" type="stmt"/>
        <line num="21" count="2" type="stmt"/>
        <line num="24" count="0" type="stmt"/>
        <line num="27" count="4" type="stmt"/>
        <line num="38" count="2" type="stmt"/>
        <line num="40" count="2" type="stmt"/>
        <line num="43" count="2" type="stmt"/>
        <line num="44" count="2" type="stmt"/>
        <line num="46" count="2" type="stmt"/>
        <line num="57" count="0" type="stmt"/>
        <line num="72" count="0" type="cond" truecount="0" falsecount="4"/>
        <line num="87" count="0" type="stmt"/>
        <line num="101" count="0" type="cond" truecount="0" falsecount="4"/>
        <line num="116" count="0" type="stmt"/>
        <line num="129" count="0" type="stmt"/>
      </file>
      <file name="Header.js" path="C:\Users\Brandon\Documents\ultimate-hitboxes\frontend\src\components\Header.js">
        <metrics statements="3" coveredstatements="2" conditionals="0" coveredconditionals="0" methods="2" coveredmethods="1"/>
        <line num="13" count="1" type="stmt"/>
        <line num="15" count="1" type="stmt"/>
        <line num="38" count="0" type="stmt"/>
      </file>
      <file name="Slider.js" path="C:\Users\Brandon\Documents\ultimate-hitboxes\frontend\src\components\Slider.js">
        <metrics statements="8" coveredstatements="8" conditionals="2" coveredconditionals="2" methods="2" coveredmethods="2"/>
        <line num="7" count="4" type="cond" truecount="2" falsecount="0"/>
        <line num="8" count="1" type="stmt"/>
        <line num="12" count="3" type="stmt"/>
        <line num="15" count="3" type="stmt"/>
        <line num="16" count="3" type="stmt"/>
        <line num="17" count="31" type="stmt"/>
        <line num="20" count="3" type="stmt"/>
        <line num="31" count="1" type="stmt"/>
      </file>
      <file name="ToolTip.js" path="C:\Users\Brandon\Documents\ultimate-hitboxes\frontend\src\components\ToolTip.js">
        <metrics statements="3" coveredstatements="3" conditionals="2" coveredconditionals="2" methods="1" coveredmethods="1"/>
        <line num="5" count="5" type="cond" truecount="2" falsecount="0"/>
        <line num="6" count="2" type="stmt"/>
        <line num="13" count="3" type="stmt"/>
      </file>
    </package>
    <package name="media">
      <metrics statements="1" coveredstatements="1" conditionals="0" coveredconditionals="0" methods="0" coveredmethods="0"/>
      <file name="media_imports.js" path="C:\Users\Brandon\Documents\ultimate-hitboxes\frontend\src\media\media_imports.js">
        <metrics statements="1" coveredstatements="1" conditionals="0" coveredconditionals="0" methods="0" coveredmethods="0"/>
        <line num="1" count="2" type="stmt"/>
      </file>
    </package>
  </project>
</coverage>
