{"C:\\Users\\Brandon\\Documents\\ultimate-hitboxes\\frontend\\src\\components\\Buttons.js": {"path":"C:\\Users\\Brandon\\Documents\\ultimate-hitboxes\\frontend\\src\\components\\Buttons.js","statementMap":{"0":{"start":{"line":16,"column":10},"end":{"line":16,"column":19}},"1":{"start":{"line":17,"column":1},"end":{"line":17,"column":24}},"2":{"start":{"line":18,"column":1},"end":{"line":26,"column":2}},"3":{"start":{"line":19,"column":2},"end":{"line":25,"column":3}},"4":{"start":{"line":20,"column":3},"end":{"line":20,"column":40}},"5":{"start":{"line":21,"column":3},"end":{"line":21,"column":8}},"6":{"start":{"line":24,"column":3},"end":{"line":24,"column":26}},"7":{"start":{"line":27,"column":1},"end":{"line":27,"column":12}},"8":{"start":{"line":38,"column":1},"end":{"line":131,"column":2}},"9":{"start":{"line":40,"column":14},"end":{"line":40,"column":108}},"10":{"start":{"line":40,"column":65},"end":{"line":40,"column":107}},"11":{"start":{"line":43,"column":15},"end":{"line":43,"column":64}},"12":{"start":{"line":44,"column":15},"end":{"line":44,"column":65}},"13":{"start":{"line":46,"column":2},"end":{"line":126,"column":3}},"14":{"start":{"line":57,"column":23},"end":{"line":57,"column":46}},"15":{"start":{"line":72,"column":22},"end":{"line":72,"column":119}},"16":{"start":{"line":87,"column":21},"end":{"line":87,"column":53}},"17":{"start":{"line":101,"column":22},"end":{"line":101,"column":146}},"18":{"start":{"line":116,"column":23},"end":{"line":116,"column":46}},"19":{"start":{"line":129,"column":2},"end":{"line":129,"column":13}}},"fnMap":{"0":{"name":"getNextPrev","decl":{"start":{"line":15,"column":9},"end":{"line":15,"column":20}},"loc":{"start":{"line":15,"column":54},"end":{"line":29,"column":1}},"line":15},"1":{"name":"Buttons","decl":{"start":{"line":36,"column":9},"end":{"line":36,"column":16}},"loc":{"start":{"line":36,"column":24},"end":{"line":132,"column":1}},"line":36},"2":{"name":"(anonymous_2)","decl":{"start":{"line":40,"column":57},"end":{"line":40,"column":58}},"loc":{"start":{"line":40,"column":65},"end":{"line":40,"column":107}},"line":40},"3":{"name":"(anonymous_3)","decl":{"start":{"line":57,"column":15},"end":{"line":57,"column":16}},"loc":{"start":{"line":57,"column":21},"end":{"line":57,"column":48}},"line":57},"4":{"name":"(anonymous_4)","decl":{"start":{"line":72,"column":14},"end":{"line":72,"column":15}},"loc":{"start":{"line":72,"column":20},"end":{"line":72,"column":121}},"line":72},"5":{"name":"(anonymous_5)","decl":{"start":{"line":87,"column":14},"end":{"line":87,"column":15}},"loc":{"start":{"line":87,"column":20},"end":{"line":87,"column":54}},"line":87},"6":{"name":"(anonymous_6)","decl":{"start":{"line":101,"column":14},"end":{"line":101,"column":15}},"loc":{"start":{"line":101,"column":20},"end":{"line":101,"column":148}},"line":101},"7":{"name":"(anonymous_7)","decl":{"start":{"line":116,"column":15},"end":{"line":116,"column":16}},"loc":{"start":{"line":116,"column":21},"end":{"line":116,"column":48}},"line":116}},"branchMap":{"0":{"loc":{"start":{"line":18,"column":7},"end":{"line":18,"column":53}},"type":"binary-expr","locations":[{"start":{"line":18,"column":7},"end":{"line":18,"column":15}},{"start":{"line":18,"column":19},"end":{"line":18,"column":53}}],"line":18},"1":{"loc":{"start":{"line":19,"column":2},"end":{"line":25,"column":3}},"type":"if","locations":[{"start":{"line":19,"column":2},"end":{"line":25,"column":3}},{"start":{"line":23,"column":6},"end":{"line":25,"column":3}}],"line":19},"2":{"loc":{"start":{"line":50,"column":17},"end":{"line":50,"column":74}},"type":"cond-expr","locations":[{"start":{"line":50,"column":42},"end":{"line":50,"column":56}},{"start":{"line":50,"column":59},"end":{"line":50,"column":74}}],"line":50},"3":{"loc":{"start":{"line":54,"column":17},"end":{"line":54,"column":57}},"type":"cond-expr","locations":[{"start":{"line":54,"column":31},"end":{"line":54,"column":39}},{"start":{"line":54,"column":42},"end":{"line":54,"column":57}}],"line":54},"4":{"loc":{"start":{"line":69,"column":16},"end":{"line":69,"column":87}},"type":"cond-expr","locations":[{"start":{"line":69,"column":61},"end":{"line":69,"column":69}},{"start":{"line":69,"column":72},"end":{"line":69,"column":87}}],"line":69},"5":{"loc":{"start":{"line":69,"column":16},"end":{"line":69,"column":58}},"type":"binary-expr","locations":[{"start":{"line":69,"column":16},"end":{"line":69,"column":40}},{"start":{"line":69,"column":44},"end":{"line":69,"column":58}}],"line":69},"6":{"loc":{"start":{"line":72,"column":22},"end":{"line":72,"column":119}},"type":"cond-expr","locations":[{"start":{"line":72,"column":67},"end":{"line":72,"column":112}},{"start":{"line":72,"column":115},"end":{"line":72,"column":119}}],"line":72},"7":{"loc":{"start":{"line":72,"column":22},"end":{"line":72,"column":64}},"type":"binary-expr","locations":[{"start":{"line":72,"column":22},"end":{"line":72,"column":46}},{"start":{"line":72,"column":50},"end":{"line":72,"column":64}}],"line":72},"8":{"loc":{"start":{"line":79,"column":13},"end":{"line":79,"column":55}},"type":"binary-expr","locations":[{"start":{"line":79,"column":13},"end":{"line":79,"column":37}},{"start":{"line":79,"column":41},"end":{"line":79,"column":55}}],"line":79},"9":{"loc":{"start":{"line":84,"column":16},"end":{"line":84,"column":79}},"type":"cond-expr","locations":[{"start":{"line":84,"column":53},"end":{"line":84,"column":61}},{"start":{"line":84,"column":64},"end":{"line":84,"column":79}}],"line":84},"10":{"loc":{"start":{"line":86,"column":10},"end":{"line":86,"column":106}},"type":"cond-expr","locations":[{"start":{"line":86,"column":26},"end":{"line":86,"column":65}},{"start":{"line":86,"column":68},"end":{"line":86,"column":106}}],"line":86},"11":{"loc":{"start":{"line":92,"column":11},"end":{"line":92,"column":61}},"type":"cond-expr","locations":[{"start":{"line":92,"column":27},"end":{"line":92,"column":43}},{"start":{"line":92,"column":46},"end":{"line":92,"column":61}}],"line":92},"12":{"loc":{"start":{"line":98,"column":16},"end":{"line":98,"column":114}},"type":"cond-expr","locations":[{"start":{"line":98,"column":88},"end":{"line":98,"column":96}},{"start":{"line":98,"column":99},"end":{"line":98,"column":114}}],"line":98},"13":{"loc":{"start":{"line":98,"column":16},"end":{"line":98,"column":85}},"type":"binary-expr","locations":[{"start":{"line":98,"column":16},"end":{"line":98,"column":67}},{"start":{"line":98,"column":71},"end":{"line":98,"column":85}}],"line":98},"14":{"loc":{"start":{"line":101,"column":22},"end":{"line":101,"column":146}},"type":"cond-expr","locations":[{"start":{"line":101,"column":94},"end":{"line":101,"column":139}},{"start":{"line":101,"column":142},"end":{"line":101,"column":146}}],"line":101},"15":{"loc":{"start":{"line":101,"column":22},"end":{"line":101,"column":91}},"type":"binary-expr","locations":[{"start":{"line":101,"column":22},"end":{"line":101,"column":73}},{"start":{"line":101,"column":77},"end":{"line":101,"column":91}}],"line":101},"16":{"loc":{"start":{"line":107,"column":13},"end":{"line":107,"column":82}},"type":"binary-expr","locations":[{"start":{"line":107,"column":13},"end":{"line":107,"column":64}},{"start":{"line":107,"column":68},"end":{"line":107,"column":82}}],"line":107},"17":{"loc":{"start":{"line":110,"column":14},"end":{"line":110,"column":96}},"type":"cond-expr","locations":[{"start":{"line":110,"column":39},"end":{"line":110,"column":89}},{"start":{"line":110,"column":92},"end":{"line":110,"column":96}}],"line":110},"18":{"loc":{"start":{"line":113,"column":17},"end":{"line":113,"column":99}},"type":"cond-expr","locations":[{"start":{"line":113,"column":73},"end":{"line":113,"column":81}},{"start":{"line":113,"column":84},"end":{"line":113,"column":99}}],"line":113}},"s":{"0":4,"1":4,"2":4,"3":2,"4":2,"5":2,"6":0,"7":4,"8":2,"9":2,"10":2,"11":2,"12":2,"13":2,"14":0,"15":0,"16":0,"17":0,"18":0,"19":0},"f":{"0":4,"1":2,"2":2,"3":0,"4":0,"5":0,"6":0,"7":0},"b":{"0":[4,2],"1":[2,0],"2":[0,2],"3":[0,2],"4":[0,2],"5":[2,2],"6":[0,0],"7":[0,0],"8":[2,2],"9":[2,0],"10":[2,0],"11":[2,0],"12":[0,2],"13":[2,2],"14":[0,0],"15":[0,0],"16":[2,2],"17":[2,0],"18":[2,0]},"_coverageSchema":"1a1c01bbd47fc00a2c39e90264f33305004495a9","hash":"464b3be9eb0e8b4850dbc1ff3157cc0b264a30fe"}
,"C:\\Users\\Brandon\\Documents\\ultimate-hitboxes\\frontend\\src\\components\\Header.js": {"path":"C:\\Users\\Brandon\\Documents\\ultimate-hitboxes\\frontend\\src\\components\\Header.js","statementMap":{"0":{"start":{"line":13,"column":16},"end":{"line":13,"column":28}},"1":{"start":{"line":15,"column":2},"end":{"line":69,"column":3}},"2":{"start":{"line":38,"column":24},"end":{"line":38,"column":40}}},"fnMap":{"0":{"name":"Header","decl":{"start":{"line":12,"column":9},"end":{"line":12,"column":15}},"loc":{"start":{"line":12,"column":23},"end":{"line":71,"column":1}},"line":12},"1":{"name":"(anonymous_1)","decl":{"start":{"line":38,"column":17},"end":{"line":38,"column":18}},"loc":{"start":{"line":38,"column":23},"end":{"line":38,"column":41}},"line":38}},"branchMap":{},"s":{"0":1,"1":1,"2":0},"f":{"0":1,"1":0},"b":{},"_coverageSchema":"1a1c01bbd47fc00a2c39e90264f33305004495a9","hash":"6ac3817285df4635b5e97bcf2a473e30d9b9de11"}
,"C:\\Users\\Brandon\\Documents\\ultimate-hitboxes\\frontend\\src\\components\\Slider.js": {"path":"C:\\Users\\Brandon\\Documents\\ultimate-hitboxes\\frontend\\src\\components\\Slider.js","statementMap":{"0":{"start":{"line":7,"column":1},"end":{"line":9,"column":2}},"1":{"start":{"line":8,"column":2},"end":{"line":8,"column":14}},"2":{"start":{"line":12,"column":19},"end":{"line":12,"column":34}},"3":{"start":{"line":15,"column":17},"end":{"line":15,"column":19}},"4":{"start":{"line":16,"column":1},"end":{"line":18,"column":2}},"5":{"start":{"line":16,"column":14},"end":{"line":16,"column":15}},"6":{"start":{"line":17,"column":2},"end":{"line":17,"column":46}},"7":{"start":{"line":20,"column":1},"end":{"line":39,"column":2}},"8":{"start":{"line":31,"column":20},"end":{"line":31,"column":63}}},"fnMap":{"0":{"name":"Slider","decl":{"start":{"line":5,"column":9},"end":{"line":5,"column":15}},"loc":{"start":{"line":5,"column":23},"end":{"line":41,"column":1}},"line":5},"1":{"name":"(anonymous_1)","decl":{"start":{"line":31,"column":15},"end":{"line":31,"column":16}},"loc":{"start":{"line":31,"column":20},"end":{"line":31,"column":63}},"line":31}},"branchMap":{"0":{"loc":{"start":{"line":7,"column":1},"end":{"line":9,"column":2}},"type":"if","locations":[{"start":{"line":7,"column":1},"end":{"line":9,"column":2}},{"start":{},"end":{}}],"line":7}},"s":{"0":4,"1":1,"2":3,"3":3,"4":3,"5":3,"6":31,"7":3,"8":1},"f":{"0":4,"1":1},"b":{"0":[1,3]},"_coverageSchema":"1a1c01bbd47fc00a2c39e90264f33305004495a9","hash":"b2ba12968d835fc80d67a219b4870e9701ba8757"}
,"C:\\Users\\Brandon\\Documents\\ultimate-hitboxes\\frontend\\src\\components\\ToolTip.js": {"path":"C:\\Users\\Brandon\\Documents\\ultimate-hitboxes\\frontend\\src\\components\\ToolTip.js","statementMap":{"0":{"start":{"line":5,"column":1},"end":{"line":14,"column":2}},"1":{"start":{"line":6,"column":2},"end":{"line":10,"column":3}},"2":{"start":{"line":13,"column":2},"end":{"line":13,"column":14}}},"fnMap":{"0":{"name":"ToolTip","decl":{"start":{"line":4,"column":9},"end":{"line":4,"column":16}},"loc":{"start":{"line":4,"column":24},"end":{"line":15,"column":1}},"line":4}},"branchMap":{"0":{"loc":{"start":{"line":5,"column":1},"end":{"line":14,"column":2}},"type":"if","locations":[{"start":{"line":5,"column":1},"end":{"line":14,"column":2}},{"start":{"line":12,"column":6},"end":{"line":14,"column":2}}],"line":5}},"s":{"0":5,"1":2,"2":3},"f":{"0":5},"b":{"0":[2,3]},"_coverageSchema":"1a1c01bbd47fc00a2c39e90264f33305004495a9","hash":"31e8d7ada5fd69ea4379e21f76990cb9969a4456"}
,"C:\\Users\\Brandon\\Documents\\ultimate-hitboxes\\frontend\\src\\media\\media_imports.js": {"path":"C:\\Users\\Brandon\\Documents\\ultimate-hitboxes\\frontend\\src\\media\\media_imports.js","statementMap":{"0":{"start":{"line":1,"column":15},"end":{"line":41,"column":1}}},"fnMap":{},"branchMap":{},"s":{"0":2},"f":{},"b":{},"_coverageSchema":"1a1c01bbd47fc00a2c39e90264f33305004495a9","hash":"2d997af973bf143fb68a389cf2e05310e1291dd1"}
}
