TN:
SF:src\components\Buttons.js
FN:15,getNextPrev
FN:36,Buttons
FN:40,(anonymous_2)
FN:55,(anonymous_3)
FN:70,(anonymous_4)
FN:85,(anonymous_5)
FN:99,(anonymous_6)
FN:114,(anonymous_7)
FNF:8
FNH:1
FNDA:0,getNextPrev
FNDA:1,Buttons
FNDA:0,(anonymous_2)
FNDA:0,(anonymous_3)
FNDA:0,(anonymous_4)
FNDA:0,(anonymous_5)
FNDA:0,(anonymous_6)
FNDA:0,(anonymous_7)
DA:16,0
DA:17,0
DA:18,0
DA:19,0
DA:20,0
DA:21,0
DA:24,0
DA:27,0
DA:38,1
DA:40,1
DA:43,0
DA:44,0
DA:46,0
DA:55,0
DA:70,0
DA:85,0
DA:99,0
DA:114,0
DA:127,1
LF:19
LH:3
BRDA:18,0,0,0
BRDA:18,0,1,0
BRDA:19,1,0,0
BRDA:19,1,1,0
BRDA:49,2,0,0
BRDA:49,2,1,0
BRDA:52,3,0,0
BRDA:52,3,1,0
BRDA:67,4,0,0
BRDA:67,4,1,0
BRDA:67,5,0,0
BRDA:67,5,1,0
BRDA:70,6,0,0
BRDA:70,6,1,0
BRDA:70,7,0,0
BRDA:70,7,1,0
BRDA:77,8,0,0
BRDA:77,8,1,0
BRDA:82,9,0,0
BRDA:82,9,1,0
BRDA:84,10,0,0
BRDA:84,10,1,0
BRDA:90,11,0,0
BRDA:90,11,1,0
BRDA:96,12,0,0
BRDA:96,12,1,0
BRDA:96,13,0,0
BRDA:96,13,1,0
BRDA:99,14,0,0
BRDA:99,14,1,0
BRDA:99,15,0,0
BRDA:99,15,1,0
BRDA:105,16,0,0
BRDA:105,16,1,0
BRDA:108,17,0,0
BRDA:108,17,1,0
BRDA:111,18,0,0
BRDA:111,18,1,0
BRF:38
BRH:0
end_of_record
TN:
SF:src\components\Slider.js
FN:5,Slider
FN:31,(anonymous_1)
FNF:2
FNH:2
FNDA:4,Slider
FNDA:1,(anonymous_1)
DA:7,4
DA:8,1
DA:12,3
DA:15,3
DA:16,3
DA:17,31
DA:20,3
DA:31,1
LF:8
LH:8
BRDA:7,0,0,1
BRDA:7,0,1,3
BRF:2
BRH:2
end_of_record
TN:
SF:src\components\ToolTip.js
FN:4,ToolTip
FNF:1
FNH:0
FNDA:0,ToolTip
DA:5,0
DA:6,0
DA:13,0
LF:3
LH:0
BRDA:5,0,0,0
BRDA:5,0,1,0
BRF:2
BRH:0
end_of_record
TN:
SF:src\media\media_imports.js
FNF:0
FNH:0
DA:1,1
LF:1
LH:1
BRF:0
BRH:0
end_of_record
