TN:
SF:src\components\Buttons.js
FN:15,getNextPrev
FN:36,Buttons
FN:40,(anonymous_2)
FN:57,(anonymous_3)
FN:72,(anonymous_4)
FN:87,(anonymous_5)
FN:101,(anonymous_6)
FN:116,(anonymous_7)
FNF:8
FNH:3
FNDA:4,getNextPrev
FNDA:2,Buttons
FNDA:2,(anonymous_2)
FNDA:0,(anonymous_3)
FNDA:0,(anonymous_4)
FNDA:0,(anonymous_5)
FNDA:0,(anonymous_6)
FNDA:0,(anonymous_7)
DA:16,4
DA:17,4
DA:18,4
DA:19,2
DA:20,2
DA:21,2
DA:24,0
DA:27,4
DA:38,2
DA:40,2
DA:43,2
DA:44,2
DA:46,2
DA:57,0
DA:72,0
DA:87,0
DA:101,0
DA:116,0
DA:129,0
LF:19
LH:12
BRDA:18,0,0,4
BRDA:18,0,1,2
BRDA:19,1,0,2
BRDA:19,1,1,0
BRDA:50,2,0,0
BRDA:50,2,1,2
BRDA:54,3,0,0
BRDA:54,3,1,2
BRDA:69,4,0,0
BRDA:69,4,1,2
BRDA:69,5,0,2
BRDA:69,5,1,2
BRDA:72,6,0,0
BRDA:72,6,1,0
BRDA:72,7,0,0
BRDA:72,7,1,0
BRDA:79,8,0,2
BRDA:79,8,1,2
BRDA:84,9,0,2
BRDA:84,9,1,0
BRDA:86,10,0,2
BRDA:86,10,1,0
BRDA:92,11,0,2
BRDA:92,11,1,0
BRDA:98,12,0,0
BRDA:98,12,1,2
BRDA:98,13,0,2
BRDA:98,13,1,2
BRDA:101,14,0,0
BRDA:101,14,1,0
BRDA:101,15,0,0
BRDA:101,15,1,0
BRDA:107,16,0,2
BRDA:107,16,1,2
BRDA:110,17,0,2
BRDA:110,17,1,0
BRDA:113,18,0,2
BRDA:113,18,1,0
BRF:38
BRH:20
end_of_record
TN:
SF:src\components\Header.js
FN:12,Header
FN:38,(anonymous_1)
FNF:2
FNH:1
FNDA:1,Header
FNDA:0,(anonymous_1)
DA:13,1
DA:15,1
DA:38,0
LF:3
LH:2
BRF:0
BRH:0
end_of_record
TN:
SF:src\components\Slider.js
FN:5,Slider
FN:31,(anonymous_1)
FNF:2
FNH:2
FNDA:4,Slider
FNDA:1,(anonymous_1)
DA:7,4
DA:8,1
DA:12,3
DA:15,3
DA:16,3
DA:17,31
DA:20,3
DA:31,1
LF:8
LH:8
BRDA:7,0,0,1
BRDA:7,0,1,3
BRF:2
BRH:2
end_of_record
TN:
SF:src\components\ToolTip.js
FN:4,ToolTip
FNF:1
FNH:1
FNDA:5,ToolTip
DA:5,5
DA:6,2
DA:13,3
LF:3
LH:3
BRDA:5,0,0,2
BRDA:5,0,1,3
BRF:2
BRH:2
end_of_record
TN:
SF:src\media\media_imports.js
FNF:0
FNH:0
DA:1,2
LF:1
LH:1
BRF:0
BRH:0
end_of_record
